{"C:\\Users\\loyol\\OneDrive\\Documentos\\GitNarciso\\Ta-Te-Ti5\\bot\\tatetiminimax.js": {"path":"C:\\Users\\loyol\\OneDrive\\Documentos\\GitNarciso\\Ta-Te-Ti5\\bot\\tatetiminimax.js","statementMap":{"0":{"start":{"line":6,"column":19},"end":{"line":6,"column":20}},"1":{"start":{"line":7,"column":19},"end":{"line":7,"column":20}},"2":{"start":{"line":8,"column":18},"end":{"line":8,"column":19}},"3":{"start":{"line":11,"column":25},"end":{"line":19,"column":1}},"4":{"start":{"line":28,"column":25},"end":{"line":28,"column":54}},"5":{"start":{"line":31,"column":18},"end":{"line":31,"column":51}},"6":{"start":{"line":32,"column":2},"end":{"line":32,"column":30}},"7":{"start":{"line":32,"column":15},"end":{"line":32,"column":30}},"8":{"start":{"line":35,"column":20},"end":{"line":35,"column":58}},"9":{"start":{"line":36,"column":2},"end":{"line":36,"column":34}},"10":{"start":{"line":36,"column":17},"end":{"line":36,"column":34}},"11":{"start":{"line":39,"column":19},"end":{"line":39,"column":98}},"12":{"start":{"line":41,"column":2},"end":{"line":41,"column":46}},"13":{"start":{"line":48,"column":17},"end":{"line":48,"column":35}},"14":{"start":{"line":51,"column":2},"end":{"line":53,"column":3}},"15":{"start":{"line":52,"column":4},"end":{"line":52,"column":51}},"16":{"start":{"line":54,"column":2},"end":{"line":56,"column":3}},"17":{"start":{"line":55,"column":4},"end":{"line":55,"column":52}},"18":{"start":{"line":57,"column":2},"end":{"line":59,"column":3}},"19":{"start":{"line":58,"column":4},"end":{"line":58,"column":70}},"20":{"start":{"line":61,"column":25},"end":{"line":61,"column":49}},"21":{"start":{"line":64,"column":2},"end":{"line":68,"column":5}},"22":{"start":{"line":65,"column":19},"end":{"line":65,"column":111}},"23":{"start":{"line":66,"column":19},"end":{"line":66,"column":111}},"24":{"start":{"line":67,"column":4},"end":{"line":67,"column":27}},"25":{"start":{"line":70,"column":17},"end":{"line":70,"column":21}},"26":{"start":{"line":71,"column":18},"end":{"line":71,"column":20}},"27":{"start":{"line":73,"column":2},"end":{"line":118,"column":3}},"28":{"start":{"line":74,"column":19},"end":{"line":74,"column":28}},"29":{"start":{"line":76,"column":4},"end":{"line":91,"column":5}},"30":{"start":{"line":77,"column":6},"end":{"line":77,"column":44}},"31":{"start":{"line":78,"column":24},"end":{"line":78,"column":96}},"32":{"start":{"line":79,"column":6},"end":{"line":79,"column":37}},"33":{"start":{"line":81,"column":6},"end":{"line":87,"column":7}},"34":{"start":{"line":82,"column":8},"end":{"line":82,"column":25}},"35":{"start":{"line":83,"column":8},"end":{"line":83,"column":24}},"36":{"start":{"line":84,"column":8},"end":{"line":84,"column":27}},"37":{"start":{"line":85,"column":13},"end":{"line":87,"column":7}},"38":{"start":{"line":86,"column":8},"end":{"line":86,"column":29}},"39":{"start":{"line":89,"column":6},"end":{"line":89,"column":37}},"40":{"start":{"line":90,"column":6},"end":{"line":90,"column":31}},"41":{"start":{"line":90,"column":25},"end":{"line":90,"column":31}},"42":{"start":{"line":94,"column":25},"end":{"line":94,"column":80}},"43":{"start":{"line":95,"column":4},"end":{"line":95,"column":51}},"44":{"start":{"line":97,"column":19},"end":{"line":97,"column":27}},"45":{"start":{"line":99,"column":4},"end":{"line":114,"column":5}},"46":{"start":{"line":100,"column":6},"end":{"line":100,"column":49}},"47":{"start":{"line":101,"column":24},"end":{"line":101,"column":95}},"48":{"start":{"line":102,"column":6},"end":{"line":102,"column":37}},"49":{"start":{"line":104,"column":6},"end":{"line":110,"column":7}},"50":{"start":{"line":105,"column":8},"end":{"line":105,"column":25}},"51":{"start":{"line":106,"column":8},"end":{"line":106,"column":24}},"52":{"start":{"line":107,"column":8},"end":{"line":107,"column":27}},"53":{"start":{"line":108,"column":13},"end":{"line":110,"column":7}},"54":{"start":{"line":109,"column":8},"end":{"line":109,"column":29}},"55":{"start":{"line":112,"column":6},"end":{"line":112,"column":35}},"56":{"start":{"line":113,"column":6},"end":{"line":113,"column":31}},"57":{"start":{"line":113,"column":25},"end":{"line":113,"column":31}},"58":{"start":{"line":116,"column":25},"end":{"line":116,"column":80}},"59":{"start":{"line":117,"column":4},"end":{"line":117,"column":51}},"60":{"start":{"line":125,"column":14},"end":{"line":125,"column":15}},"61":{"start":{"line":128,"column":16},"end":{"line":128,"column":34}},"62":{"start":{"line":130,"column":2},"end":{"line":132,"column":3}},"63":{"start":{"line":131,"column":4},"end":{"line":131,"column":59}},"64":{"start":{"line":135,"column":2},"end":{"line":139,"column":3}},"65":{"start":{"line":136,"column":4},"end":{"line":136,"column":37}},"66":{"start":{"line":137,"column":9},"end":{"line":139,"column":3}},"67":{"start":{"line":138,"column":4},"end":{"line":138,"column":37}},"68":{"start":{"line":142,"column":2},"end":{"line":142,"column":84}},"69":{"start":{"line":143,"column":2},"end":{"line":143,"column":89}},"70":{"start":{"line":145,"column":2},"end":{"line":145,"column":15}},"71":{"start":{"line":152,"column":19},"end":{"line":152,"column":59}},"72":{"start":{"line":152,"column":36},"end":{"line":152,"column":51}},"73":{"start":{"line":153,"column":24},"end":{"line":153,"column":69}},"74":{"start":{"line":153,"column":41},"end":{"line":153,"column":61}},"75":{"start":{"line":154,"column":21},"end":{"line":154,"column":54}},"76":{"start":{"line":154,"column":38},"end":{"line":154,"column":46}},"77":{"start":{"line":157,"column":2},"end":{"line":157,"column":50}},"78":{"start":{"line":157,"column":41},"end":{"line":157,"column":50}},"79":{"start":{"line":159,"column":14},"end":{"line":159,"column":15}},"80":{"start":{"line":161,"column":2},"end":{"line":167,"column":3}},"81":{"start":{"line":162,"column":4},"end":{"line":162,"column":41}},"82":{"start":{"line":163,"column":9},"end":{"line":167,"column":3}},"83":{"start":{"line":164,"column":4},"end":{"line":164,"column":39}},"84":{"start":{"line":165,"column":9},"end":{"line":167,"column":3}},"85":{"start":{"line":166,"column":4},"end":{"line":166,"column":44}},"86":{"start":{"line":169,"column":2},"end":{"line":175,"column":3}},"87":{"start":{"line":170,"column":4},"end":{"line":170,"column":41}},"88":{"start":{"line":171,"column":9},"end":{"line":175,"column":3}},"89":{"start":{"line":172,"column":4},"end":{"line":172,"column":39}},"90":{"start":{"line":173,"column":9},"end":{"line":175,"column":3}},"91":{"start":{"line":174,"column":4},"end":{"line":174,"column":44}},"92":{"start":{"line":177,"column":2},"end":{"line":177,"column":15}},"93":{"start":{"line":184,"column":16},"end":{"line":184,"column":17}},"94":{"start":{"line":185,"column":16},"end":{"line":185,"column":34}},"95":{"start":{"line":187,"column":2},"end":{"line":202,"column":3}},"96":{"start":{"line":187,"column":15},"end":{"line":187,"column":16}},"97":{"start":{"line":188,"column":18},"end":{"line":188,"column":59}},"98":{"start":{"line":188,"column":39},"end":{"line":188,"column":51}},"99":{"start":{"line":189,"column":18},"end":{"line":189,"column":55}},"100":{"start":{"line":189,"column":39},"end":{"line":189,"column":47}},"101":{"start":{"line":191,"column":4},"end":{"line":201,"column":5}},"102":{"start":{"line":193,"column":6},"end":{"line":200,"column":7}},"103":{"start":{"line":193,"column":19},"end":{"line":193,"column":24}},"104":{"start":{"line":194,"column":23},"end":{"line":194,"column":64}},"105":{"start":{"line":194,"column":44},"end":{"line":194,"column":56}},"106":{"start":{"line":195,"column":23},"end":{"line":195,"column":60}},"107":{"start":{"line":195,"column":44},"end":{"line":195,"column":52}},"108":{"start":{"line":197,"column":8},"end":{"line":199,"column":9}},"109":{"start":{"line":198,"column":10},"end":{"line":198,"column":20}},"110":{"start":{"line":204,"column":2},"end":{"line":204,"column":17}},"111":{"start":{"line":211,"column":2},"end":{"line":211,"column":37}},"112":{"start":{"line":212,"column":16},"end":{"line":212,"column":63}},"113":{"start":{"line":213,"column":2},"end":{"line":213,"column":33}},"114":{"start":{"line":214,"column":2},"end":{"line":214,"column":15}},"115":{"start":{"line":221,"column":16},"end":{"line":221,"column":40}},"116":{"start":{"line":223,"column":2},"end":{"line":230,"column":3}},"117":{"start":{"line":224,"column":4},"end":{"line":224,"column":39}},"118":{"start":{"line":225,"column":4},"end":{"line":228,"column":5}},"119":{"start":{"line":226,"column":6},"end":{"line":226,"column":37}},"120":{"start":{"line":227,"column":6},"end":{"line":227,"column":18}},"121":{"start":{"line":229,"column":4},"end":{"line":229,"column":35}},"122":{"start":{"line":232,"column":2},"end":{"line":232,"column":14}},"123":{"start":{"line":239,"column":16},"end":{"line":239,"column":18}},"124":{"start":{"line":242,"column":2},"end":{"line":251,"column":3}},"125":{"start":{"line":242,"column":17},"end":{"line":242,"column":18}},"126":{"start":{"line":243,"column":4},"end":{"line":250,"column":5}},"127":{"start":{"line":243,"column":19},"end":{"line":243,"column":20}},"128":{"start":{"line":244,"column":6},"end":{"line":249,"column":9}},"129":{"start":{"line":254,"column":2},"end":{"line":263,"column":3}},"130":{"start":{"line":254,"column":17},"end":{"line":254,"column":18}},"131":{"start":{"line":255,"column":4},"end":{"line":262,"column":5}},"132":{"start":{"line":255,"column":19},"end":{"line":255,"column":20}},"133":{"start":{"line":256,"column":6},"end":{"line":261,"column":9}},"134":{"start":{"line":266,"column":2},"end":{"line":275,"column":3}},"135":{"start":{"line":266,"column":17},"end":{"line":266,"column":18}},"136":{"start":{"line":267,"column":4},"end":{"line":274,"column":5}},"137":{"start":{"line":267,"column":19},"end":{"line":267,"column":20}},"138":{"start":{"line":268,"column":6},"end":{"line":273,"column":9}},"139":{"start":{"line":278,"column":2},"end":{"line":287,"column":3}},"140":{"start":{"line":278,"column":17},"end":{"line":278,"column":18}},"141":{"start":{"line":279,"column":4},"end":{"line":286,"column":5}},"142":{"start":{"line":279,"column":19},"end":{"line":279,"column":33}},"143":{"start":{"line":280,"column":6},"end":{"line":285,"column":9}},"144":{"start":{"line":289,"column":2},"end":{"line":289,"column":15}},"145":{"start":{"line":297,"column":16},"end":{"line":297,"column":34}},"146":{"start":{"line":299,"column":2},"end":{"line":306,"column":3}},"147":{"start":{"line":301,"column":17},"end":{"line":301,"column":43}},"148":{"start":{"line":301,"column":33},"end":{"line":301,"column":42}},"149":{"start":{"line":302,"column":17},"end":{"line":302,"column":43}},"150":{"start":{"line":302,"column":33},"end":{"line":302,"column":42}},"151":{"start":{"line":304,"column":4},"end":{"line":304,"column":43}},"152":{"start":{"line":304,"column":32},"end":{"line":304,"column":43}},"153":{"start":{"line":305,"column":4},"end":{"line":305,"column":43}},"154":{"start":{"line":305,"column":32},"end":{"line":305,"column":43}},"155":{"start":{"line":308,"column":2},"end":{"line":308,"column":14}},"156":{"start":{"line":315,"column":2},"end":{"line":315,"column":60}},"157":{"start":{"line":315,"column":28},"end":{"line":315,"column":58}},"158":{"start":{"line":315,"column":46},"end":{"line":315,"column":57}},"159":{"start":{"line":322,"column":16},"end":{"line":322,"column":18}},"160":{"start":{"line":324,"column":2},"end":{"line":330,"column":3}},"161":{"start":{"line":324,"column":17},"end":{"line":324,"column":18}},"162":{"start":{"line":325,"column":4},"end":{"line":329,"column":5}},"163":{"start":{"line":325,"column":19},"end":{"line":325,"column":20}},"164":{"start":{"line":326,"column":6},"end":{"line":328,"column":7}},"165":{"start":{"line":327,"column":8},"end":{"line":327,"column":33}},"166":{"start":{"line":332,"column":2},"end":{"line":332,"column":15}},"167":{"start":{"line":339,"column":2},"end":{"line":345,"column":3}},"168":{"start":{"line":339,"column":17},"end":{"line":339,"column":18}},"169":{"start":{"line":340,"column":4},"end":{"line":344,"column":5}},"170":{"start":{"line":340,"column":19},"end":{"line":340,"column":20}},"171":{"start":{"line":341,"column":6},"end":{"line":343,"column":7}},"172":{"start":{"line":342,"column":8},"end":{"line":342,"column":28}},"173":{"start":{"line":346,"column":2},"end":{"line":346,"column":14}},"174":{"start":{"line":349,"column":0},"end":{"line":349,"column":33}}},"fnMap":{"0":{"name":"getBestMove","decl":{"start":{"line":27,"column":9},"end":{"line":27,"column":20}},"loc":{"start":{"line":27,"column":45},"end":{"line":42,"column":1}},"line":27},"1":{"name":"minimax","decl":{"start":{"line":47,"column":9},"end":{"line":47,"column":16}},"loc":{"start":{"line":47,"column":85},"end":{"line":119,"column":1}},"line":47},"2":{"name":"(anonymous_2)","decl":{"start":{"line":64,"column":22},"end":{"line":64,"column":23}},"loc":{"start":{"line":64,"column":32},"end":{"line":68,"column":3}},"line":64},"3":{"name":"evaluateBoard","decl":{"start":{"line":124,"column":9},"end":{"line":124,"column":22}},"loc":{"start":{"line":124,"column":57},"end":{"line":146,"column":1}},"line":124},"4":{"name":"evaluateLine","decl":{"start":{"line":151,"column":9},"end":{"line":151,"column":21}},"loc":{"start":{"line":151,"column":55},"end":{"line":178,"column":1}},"line":151},"5":{"name":"(anonymous_5)","decl":{"start":{"line":152,"column":31},"end":{"line":152,"column":32}},"loc":{"start":{"line":152,"column":36},"end":{"line":152,"column":51}},"line":152},"6":{"name":"(anonymous_6)","decl":{"start":{"line":153,"column":36},"end":{"line":153,"column":37}},"loc":{"start":{"line":153,"column":41},"end":{"line":153,"column":61}},"line":153},"7":{"name":"(anonymous_7)","decl":{"start":{"line":154,"column":33},"end":{"line":154,"column":34}},"loc":{"start":{"line":154,"column":38},"end":{"line":154,"column":46}},"line":154},"8":{"name":"evaluateDoubleThreats","decl":{"start":{"line":183,"column":9},"end":{"line":183,"column":30}},"loc":{"start":{"line":183,"column":46},"end":{"line":205,"column":1}},"line":183},"9":{"name":"(anonymous_9)","decl":{"start":{"line":188,"column":34},"end":{"line":188,"column":35}},"loc":{"start":{"line":188,"column":39},"end":{"line":188,"column":51}},"line":188},"10":{"name":"(anonymous_10)","decl":{"start":{"line":189,"column":34},"end":{"line":189,"column":35}},"loc":{"start":{"line":189,"column":39},"end":{"line":189,"column":47}},"line":189},"11":{"name":"(anonymous_11)","decl":{"start":{"line":194,"column":39},"end":{"line":194,"column":40}},"loc":{"start":{"line":194,"column":44},"end":{"line":194,"column":56}},"line":194},"12":{"name":"(anonymous_12)","decl":{"start":{"line":195,"column":39},"end":{"line":195,"column":40}},"loc":{"start":{"line":195,"column":44},"end":{"line":195,"column":52}},"line":195},"13":{"name":"evaluateMove","decl":{"start":{"line":210,"column":9},"end":{"line":210,"column":21}},"loc":{"start":{"line":210,"column":70},"end":{"line":215,"column":1}},"line":210},"14":{"name":"findWinningMove","decl":{"start":{"line":220,"column":9},"end":{"line":220,"column":24}},"loc":{"start":{"line":220,"column":40},"end":{"line":233,"column":1}},"line":220},"15":{"name":"getAllLines","decl":{"start":{"line":238,"column":9},"end":{"line":238,"column":20}},"loc":{"start":{"line":238,"column":28},"end":{"line":290,"column":1}},"line":238},"16":{"name":"checkWinner","decl":{"start":{"line":296,"column":9},"end":{"line":296,"column":20}},"loc":{"start":{"line":296,"column":28},"end":{"line":309,"column":1}},"line":296},"17":{"name":"(anonymous_17)","decl":{"start":{"line":301,"column":28},"end":{"line":301,"column":29}},"loc":{"start":{"line":301,"column":33},"end":{"line":301,"column":42}},"line":301},"18":{"name":"(anonymous_18)","decl":{"start":{"line":302,"column":28},"end":{"line":302,"column":29}},"loc":{"start":{"line":302,"column":33},"end":{"line":302,"column":42}},"line":302},"19":{"name":"isBoardFull","decl":{"start":{"line":314,"column":9},"end":{"line":314,"column":20}},"loc":{"start":{"line":314,"column":28},"end":{"line":316,"column":1}},"line":314},"20":{"name":"(anonymous_20)","decl":{"start":{"line":315,"column":21},"end":{"line":315,"column":22}},"loc":{"start":{"line":315,"column":28},"end":{"line":315,"column":58}},"line":315},"21":{"name":"(anonymous_21)","decl":{"start":{"line":315,"column":38},"end":{"line":315,"column":39}},"loc":{"start":{"line":315,"column":46},"end":{"line":315,"column":57}},"line":315},"22":{"name":"getAvailableMoves","decl":{"start":{"line":321,"column":9},"end":{"line":321,"column":26}},"loc":{"start":{"line":321,"column":34},"end":{"line":333,"column":1}},"line":321},"23":{"name":"getFirstAvailableMove","decl":{"start":{"line":338,"column":9},"end":{"line":338,"column":30}},"loc":{"start":{"line":338,"column":38},"end":{"line":347,"column":1}},"line":338}},"branchMap":{"0":{"loc":{"start":{"line":27,"column":28},"end":{"line":27,"column":43}},"type":"default-arg","locations":[{"start":{"line":27,"column":40},"end":{"line":27,"column":43}}],"line":27},"1":{"loc":{"start":{"line":28,"column":25},"end":{"line":28,"column":54}},"type":"cond-expr","locations":[{"start":{"line":28,"column":45},"end":{"line":28,"column":48}},{"start":{"line":28,"column":51},"end":{"line":28,"column":54}}],"line":28},"2":{"loc":{"start":{"line":32,"column":2},"end":{"line":32,"column":30}},"type":"if","locations":[{"start":{"line":32,"column":2},"end":{"line":32,"column":30}},{"start":{},"end":{}}],"line":32},"3":{"loc":{"start":{"line":36,"column":2},"end":{"line":36,"column":34}},"type":"if","locations":[{"start":{"line":36,"column":2},"end":{"line":36,"column":34}},{"start":{},"end":{}}],"line":36},"4":{"loc":{"start":{"line":41,"column":9},"end":{"line":41,"column":45}},"type":"binary-expr","locations":[{"start":{"line":41,"column":9},"end":{"line":41,"column":13}},{"start":{"line":41,"column":17},"end":{"line":41,"column":45}}],"line":41},"5":{"loc":{"start":{"line":51,"column":2},"end":{"line":53,"column":3}},"type":"if","locations":[{"start":{"line":51,"column":2},"end":{"line":53,"column":3}},{"start":{},"end":{}}],"line":51},"6":{"loc":{"start":{"line":54,"column":2},"end":{"line":56,"column":3}},"type":"if","locations":[{"start":{"line":54,"column":2},"end":{"line":56,"column":3}},{"start":{},"end":{}}],"line":54},"7":{"loc":{"start":{"line":57,"column":2},"end":{"line":59,"column":3}},"type":"if","locations":[{"start":{"line":57,"column":2},"end":{"line":59,"column":3}},{"start":{},"end":{}}],"line":57},"8":{"loc":{"start":{"line":57,"column":6},"end":{"line":57,"column":39}},"type":"binary-expr","locations":[{"start":{"line":57,"column":6},"end":{"line":57,"column":24}},{"start":{"line":57,"column":28},"end":{"line":57,"column":39}}],"line":57},"9":{"loc":{"start":{"line":65,"column":42},"end":{"line":65,"column":83}},"type":"cond-expr","locations":[{"start":{"line":65,"column":57},"end":{"line":65,"column":66}},{"start":{"line":65,"column":69},"end":{"line":65,"column":83}}],"line":65},"10":{"loc":{"start":{"line":66,"column":42},"end":{"line":66,"column":83}},"type":"cond-expr","locations":[{"start":{"line":66,"column":57},"end":{"line":66,"column":66}},{"start":{"line":66,"column":69},"end":{"line":66,"column":83}}],"line":66},"11":{"loc":{"start":{"line":73,"column":2},"end":{"line":118,"column":3}},"type":"if","locations":[{"start":{"line":73,"column":2},"end":{"line":118,"column":3}},{"start":{"line":96,"column":9},"end":{"line":118,"column":3}}],"line":73},"12":{"loc":{"start":{"line":81,"column":6},"end":{"line":87,"column":7}},"type":"if","locations":[{"start":{"line":81,"column":6},"end":{"line":87,"column":7}},{"start":{"line":85,"column":13},"end":{"line":87,"column":7}}],"line":81},"13":{"loc":{"start":{"line":85,"column":13},"end":{"line":87,"column":7}},"type":"if","locations":[{"start":{"line":85,"column":13},"end":{"line":87,"column":7}},{"start":{},"end":{}}],"line":85},"14":{"loc":{"start":{"line":90,"column":6},"end":{"line":90,"column":31}},"type":"if","locations":[{"start":{"line":90,"column":6},"end":{"line":90,"column":31}},{"start":{},"end":{}}],"line":90},"15":{"loc":{"start":{"line":104,"column":6},"end":{"line":110,"column":7}},"type":"if","locations":[{"start":{"line":104,"column":6},"end":{"line":110,"column":7}},{"start":{"line":108,"column":13},"end":{"line":110,"column":7}}],"line":104},"16":{"loc":{"start":{"line":108,"column":13},"end":{"line":110,"column":7}},"type":"if","locations":[{"start":{"line":108,"column":13},"end":{"line":110,"column":7}},{"start":{},"end":{}}],"line":108},"17":{"loc":{"start":{"line":113,"column":6},"end":{"line":113,"column":31}},"type":"if","locations":[{"start":{"line":113,"column":6},"end":{"line":113,"column":31}},{"start":{},"end":{}}],"line":113},"18":{"loc":{"start":{"line":135,"column":2},"end":{"line":139,"column":3}},"type":"if","locations":[{"start":{"line":135,"column":2},"end":{"line":139,"column":3}},{"start":{"line":137,"column":9},"end":{"line":139,"column":3}}],"line":135},"19":{"loc":{"start":{"line":137,"column":9},"end":{"line":139,"column":3}},"type":"if","locations":[{"start":{"line":137,"column":9},"end":{"line":139,"column":3}},{"start":{},"end":{}}],"line":137},"20":{"loc":{"start":{"line":157,"column":2},"end":{"line":157,"column":50}},"type":"if","locations":[{"start":{"line":157,"column":2},"end":{"line":157,"column":50}},{"start":{},"end":{}}],"line":157},"21":{"loc":{"start":{"line":157,"column":6},"end":{"line":157,"column":39}},"type":"binary-expr","locations":[{"start":{"line":157,"column":6},"end":{"line":157,"column":18}},{"start":{"line":157,"column":22},"end":{"line":157,"column":39}}],"line":157},"22":{"loc":{"start":{"line":161,"column":2},"end":{"line":167,"column":3}},"type":"if","locations":[{"start":{"line":161,"column":2},"end":{"line":167,"column":3}},{"start":{"line":163,"column":9},"end":{"line":167,"column":3}}],"line":161},"23":{"loc":{"start":{"line":161,"column":6},"end":{"line":161,"column":40}},"type":"binary-expr","locations":[{"start":{"line":161,"column":6},"end":{"line":161,"column":20}},{"start":{"line":161,"column":24},"end":{"line":161,"column":40}}],"line":161},"24":{"loc":{"start":{"line":163,"column":9},"end":{"line":167,"column":3}},"type":"if","locations":[{"start":{"line":163,"column":9},"end":{"line":167,"column":3}},{"start":{"line":165,"column":9},"end":{"line":167,"column":3}}],"line":163},"25":{"loc":{"start":{"line":163,"column":13},"end":{"line":163,"column":47}},"type":"binary-expr","locations":[{"start":{"line":163,"column":13},"end":{"line":163,"column":27}},{"start":{"line":163,"column":31},"end":{"line":163,"column":47}}],"line":163},"26":{"loc":{"start":{"line":165,"column":9},"end":{"line":167,"column":3}},"type":"if","locations":[{"start":{"line":165,"column":9},"end":{"line":167,"column":3}},{"start":{},"end":{}}],"line":165},"27":{"loc":{"start":{"line":169,"column":2},"end":{"line":175,"column":3}},"type":"if","locations":[{"start":{"line":169,"column":2},"end":{"line":175,"column":3}},{"start":{"line":171,"column":9},"end":{"line":175,"column":3}}],"line":169},"28":{"loc":{"start":{"line":169,"column":6},"end":{"line":169,"column":45}},"type":"binary-expr","locations":[{"start":{"line":169,"column":6},"end":{"line":169,"column":25}},{"start":{"line":169,"column":29},"end":{"line":169,"column":45}}],"line":169},"29":{"loc":{"start":{"line":171,"column":9},"end":{"line":175,"column":3}},"type":"if","locations":[{"start":{"line":171,"column":9},"end":{"line":175,"column":3}},{"start":{"line":173,"column":9},"end":{"line":175,"column":3}}],"line":171},"30":{"loc":{"start":{"line":171,"column":13},"end":{"line":171,"column":52}},"type":"binary-expr","locations":[{"start":{"line":171,"column":13},"end":{"line":171,"column":32}},{"start":{"line":171,"column":36},"end":{"line":171,"column":52}}],"line":171},"31":{"loc":{"start":{"line":173,"column":9},"end":{"line":175,"column":3}},"type":"if","locations":[{"start":{"line":173,"column":9},"end":{"line":175,"column":3}},{"start":{},"end":{}}],"line":173},"32":{"loc":{"start":{"line":191,"column":4},"end":{"line":201,"column":5}},"type":"if","locations":[{"start":{"line":191,"column":4},"end":{"line":201,"column":5}},{"start":{},"end":{}}],"line":191},"33":{"loc":{"start":{"line":191,"column":8},"end":{"line":191,"column":34}},"type":"binary-expr","locations":[{"start":{"line":191,"column":8},"end":{"line":191,"column":19}},{"start":{"line":191,"column":23},"end":{"line":191,"column":34}}],"line":191},"34":{"loc":{"start":{"line":197,"column":8},"end":{"line":199,"column":9}},"type":"if","locations":[{"start":{"line":197,"column":8},"end":{"line":199,"column":9}},{"start":{},"end":{}}],"line":197},"35":{"loc":{"start":{"line":197,"column":12},"end":{"line":197,"column":40}},"type":"binary-expr","locations":[{"start":{"line":197,"column":12},"end":{"line":197,"column":24}},{"start":{"line":197,"column":28},"end":{"line":197,"column":40}}],"line":197},"36":{"loc":{"start":{"line":225,"column":4},"end":{"line":228,"column":5}},"type":"if","locations":[{"start":{"line":225,"column":4},"end":{"line":228,"column":5}},{"start":{},"end":{}}],"line":225},"37":{"loc":{"start":{"line":304,"column":4},"end":{"line":304,"column":43}},"type":"if","locations":[{"start":{"line":304,"column":4},"end":{"line":304,"column":43}},{"start":{},"end":{}}],"line":304},"38":{"loc":{"start":{"line":304,"column":8},"end":{"line":304,"column":30}},"type":"binary-expr","locations":[{"start":{"line":304,"column":8},"end":{"line":304,"column":12}},{"start":{"line":304,"column":16},"end":{"line":304,"column":30}}],"line":304},"39":{"loc":{"start":{"line":305,"column":4},"end":{"line":305,"column":43}},"type":"if","locations":[{"start":{"line":305,"column":4},"end":{"line":305,"column":43}},{"start":{},"end":{}}],"line":305},"40":{"loc":{"start":{"line":305,"column":8},"end":{"line":305,"column":30}},"type":"binary-expr","locations":[{"start":{"line":305,"column":8},"end":{"line":305,"column":12}},{"start":{"line":305,"column":16},"end":{"line":305,"column":30}}],"line":305},"41":{"loc":{"start":{"line":326,"column":6},"end":{"line":328,"column":7}},"type":"if","locations":[{"start":{"line":326,"column":6},"end":{"line":328,"column":7}},{"start":{},"end":{}}],"line":326},"42":{"loc":{"start":{"line":341,"column":6},"end":{"line":343,"column":7}},"type":"if","locations":[{"start":{"line":341,"column":6},"end":{"line":343,"column":7}},{"start":{},"end":{}}],"line":341}},"s":{"0":1,"1":1,"2":1,"3":1,"4":72,"5":72,"6":72,"7":12,"8":60,"9":60,"10":13,"11":47,"12":47,"13":66417,"14":66417,"15":32,"16":66385,"17":0,"18":66385,"19":54726,"20":11659,"21":11659,"22":752590,"23":752590,"24":752590,"25":11659,"26":11659,"27":11659,"28":10530,"29":10530,"30":55887,"31":55887,"32":55887,"33":55887,"34":10559,"35":10559,"36":10559,"37":45328,"38":7420,"39":55887,"40":55887,"41":8362,"42":10530,"43":10530,"44":1129,"45":1129,"46":10483,"47":10483,"48":10483,"49":10483,"50":2121,"51":2121,"52":2121,"53":8362,"54":6212,"55":10483,"56":10483,"57":1082,"58":1129,"59":1129,"60":1559906,"61":1559906,"62":1559906,"63":43677368,"64":1559906,"65":127172,"66":1432734,"67":1249187,"68":1559906,"69":1559906,"70":1559906,"71":43677368,"72":174709472,"73":43677368,"74":174709472,"75":43677368,"76":174709472,"77":43677368,"78":4185581,"79":39491787,"80":39491787,"81":20380,"82":39471407,"83":796548,"84":38674859,"85":0,"86":39491787,"87":63104,"88":39428683,"89":1485693,"90":37942990,"91":0,"92":39491787,"93":3119812,"94":3119812,"95":3119812,"96":3119812,"97":87354736,"98":349418944,"99":87354736,"100":349418944,"101":87354736,"102":83484,"103":83484,"104":1016832,"105":4067328,"106":1016832,"107":4067328,"108":1016832,"109":17239,"110":3119812,"111":1505180,"112":1505180,"113":1505180,"114":1505180,"115":132,"116":132,"117":2763,"118":2763,"119":25,"120":25,"121":2738,"122":107,"123":4748898,"124":4748898,"125":4748898,"126":23744490,"127":23744490,"128":47488980,"129":4748898,"130":4748898,"131":23744490,"132":23744490,"133":47488980,"134":4748898,"135":4748898,"136":9497796,"137":9497796,"138":18995592,"139":4748898,"140":4748898,"141":9497796,"142":9497796,"143":18995592,"144":4748898,"145":69180,"146":69180,"147":1936215,"148":2104547,"149":1936215,"150":2115778,"151":1936215,"152":43,"153":1936172,"154":15,"155":69122,"156":66385,"157":66390,"158":94623,"159":11791,"160":11791,"161":11791,"162":58955,"163":58955,"164":294775,"165":257720,"166":11791,"167":0,"168":0,"169":0,"170":0,"171":0,"172":0,"173":0,"174":1},"f":{"0":72,"1":66417,"2":752590,"3":1559906,"4":43677368,"5":174709472,"6":174709472,"7":174709472,"8":3119812,"9":349418944,"10":349418944,"11":4067328,"12":4067328,"13":1505180,"14":132,"15":4748898,"16":69180,"17":2104547,"18":2115778,"19":66385,"20":66390,"21":94623,"22":11791,"23":0},"b":{"0":[0],"1":[43,29],"2":[12,60],"3":[13,47],"4":[47,0],"5":[32,66385],"6":[0,66385],"7":[54726,11659],"8":[66385,66385],"9":[677852,74738],"10":[677852,74738],"11":[10530,1129],"12":[10559,45328],"13":[7420,37908],"14":[8362,47525],"15":[2121,8362],"16":[6212,2150],"17":[1082,9401],"18":[127172,1432734],"19":[1249187,183547],"20":[4185581,39491787],"21":[43677368,13445369],"22":[20380,39471407],"23":[39491787,20380],"24":[796548,38674859],"25":[39471407,796548],"26":[0,38674859],"27":[63104,39428683],"28":[39491787,63104],"29":[1485693,37942990],"30":[39428683,1485693],"31":[0,37942990],"32":[83484,87271252],"33":[87354736,94510],"34":[17239,999593],"35":[1016832,18900],"36":[25,2738],"37":[43,1936172],"38":[1936215,43],"39":[15,1936157],"40":[1936172,15],"41":[257720,37055],"42":[0,0]},"_coverageSchema":"1a1c01bbd47fc00a2c39e90264f33305004495a9","hash":"881758c98699610a87883e2445cdf02511870fc0"}
}
