TN:
SF:bot\tatetiminimax.js
FN:27,getBestMove
FN:47,minimax
FN:64,(anonymous_2)
FN:124,evaluateBoard
FN:151,evaluateLine
FN:152,(anonymous_5)
FN:153,(anonymous_6)
FN:154,(anonymous_7)
FN:183,evaluateDoubleThreats
FN:188,(anonymous_9)
FN:189,(anonymous_10)
FN:194,(anonymous_11)
FN:195,(anonymous_12)
FN:210,evaluateMove
FN:220,findWinningMove
FN:238,getAllLines
FN:296,checkWinner
FN:301,(anonymous_17)
FN:302,(anonymous_18)
FN:314,isBoardFull
FN:315,(anonymous_20)
FN:315,(anonymous_21)
FN:321,getAvailableMoves
FN:338,getFirstAvailableMove
FNF:24
FNH:23
FNDA:72,getBestMove
FNDA:66417,minimax
FNDA:752590,(anonymous_2)
FNDA:1559906,evaluateBoard
FNDA:43677368,evaluateLine
FNDA:174709472,(anonymous_5)
FNDA:174709472,(anonymous_6)
FNDA:174709472,(anonymous_7)
FNDA:3119812,evaluateDoubleThreats
FNDA:349418944,(anonymous_9)
FNDA:349418944,(anonymous_10)
FNDA:4067328,(anonymous_11)
FNDA:4067328,(anonymous_12)
FNDA:1505180,evaluateMove
FNDA:132,findWinningMove
FNDA:4748898,getAllLines
FNDA:69180,checkWinner
FNDA:2104547,(anonymous_17)
FNDA:2115778,(anonymous_18)
FNDA:66385,isBoardFull
FNDA:66390,(anonymous_20)
FNDA:94623,(anonymous_21)
FNDA:11791,getAvailableMoves
FNDA:0,getFirstAvailableMove
DA:6,1
DA:7,1
DA:8,1
DA:11,1
DA:28,72
DA:31,72
DA:32,72
DA:35,60
DA:36,60
DA:39,47
DA:41,47
DA:48,66417
DA:51,66417
DA:52,32
DA:54,66385
DA:55,0
DA:57,66385
DA:58,54726
DA:61,11659
DA:64,11659
DA:65,752590
DA:66,752590
DA:67,752590
DA:70,11659
DA:71,11659
DA:73,11659
DA:74,10530
DA:76,10530
DA:77,55887
DA:78,55887
DA:79,55887
DA:81,55887
DA:82,10559
DA:83,10559
DA:84,10559
DA:85,45328
DA:86,7420
DA:89,55887
DA:90,55887
DA:94,10530
DA:95,10530
DA:97,1129
DA:99,1129
DA:100,10483
DA:101,10483
DA:102,10483
DA:104,10483
DA:105,2121
DA:106,2121
DA:107,2121
DA:108,8362
DA:109,6212
DA:112,10483
DA:113,10483
DA:116,1129
DA:117,1129
DA:125,1559906
DA:128,1559906
DA:130,1559906
DA:131,43677368
DA:135,1559906
DA:136,127172
DA:137,1432734
DA:138,1249187
DA:142,1559906
DA:143,1559906
DA:145,1559906
DA:152,174709472
DA:153,174709472
DA:154,174709472
DA:157,43677368
DA:159,39491787
DA:161,39491787
DA:162,20380
DA:163,39471407
DA:164,796548
DA:165,38674859
DA:166,0
DA:169,39491787
DA:170,63104
DA:171,39428683
DA:172,1485693
DA:173,37942990
DA:174,0
DA:177,39491787
DA:184,3119812
DA:185,3119812
DA:187,3119812
DA:188,349418944
DA:189,349418944
DA:191,87354736
DA:193,83484
DA:194,4067328
DA:195,4067328
DA:197,1016832
DA:198,17239
DA:204,3119812
DA:211,1505180
DA:212,1505180
DA:213,1505180
DA:214,1505180
DA:221,132
DA:223,132
DA:224,2763
DA:225,2763
DA:226,25
DA:227,25
DA:229,2738
DA:232,107
DA:239,4748898
DA:242,4748898
DA:243,23744490
DA:244,47488980
DA:254,4748898
DA:255,23744490
DA:256,47488980
DA:266,4748898
DA:267,9497796
DA:268,18995592
DA:278,4748898
DA:279,9497796
DA:280,18995592
DA:289,4748898
DA:297,69180
DA:299,69180
DA:301,2104547
DA:302,2115778
DA:304,1936215
DA:305,1936172
DA:308,69122
DA:315,94623
DA:322,11791
DA:324,11791
DA:325,58955
DA:326,294775
DA:327,257720
DA:332,11791
DA:339,0
DA:340,0
DA:341,0
DA:342,0
DA:346,0
DA:349,1
LF:143
LH:135
BRDA:27,0,0,0
BRDA:28,1,0,43
BRDA:28,1,1,29
BRDA:32,2,0,12
BRDA:32,2,1,60
BRDA:36,3,0,13
BRDA:36,3,1,47
BRDA:41,4,0,47
BRDA:41,4,1,0
BRDA:51,5,0,32
BRDA:51,5,1,66385
BRDA:54,6,0,0
BRDA:54,6,1,66385
BRDA:57,7,0,54726
BRDA:57,7,1,11659
BRDA:57,8,0,66385
BRDA:57,8,1,66385
BRDA:65,9,0,677852
BRDA:65,9,1,74738
BRDA:66,10,0,677852
BRDA:66,10,1,74738
BRDA:73,11,0,10530
BRDA:73,11,1,1129
BRDA:81,12,0,10559
BRDA:81,12,1,45328
BRDA:85,13,0,7420
BRDA:85,13,1,37908
BRDA:90,14,0,8362
BRDA:90,14,1,47525
BRDA:104,15,0,2121
BRDA:104,15,1,8362
BRDA:108,16,0,6212
BRDA:108,16,1,2150
BRDA:113,17,0,1082
BRDA:113,17,1,9401
BRDA:135,18,0,127172
BRDA:135,18,1,1432734
BRDA:137,19,0,1249187
BRDA:137,19,1,183547
BRDA:157,20,0,4185581
BRDA:157,20,1,39491787
BRDA:157,21,0,43677368
BRDA:157,21,1,13445369
BRDA:161,22,0,20380
BRDA:161,22,1,39471407
BRDA:161,23,0,39491787
BRDA:161,23,1,20380
BRDA:163,24,0,796548
BRDA:163,24,1,38674859
BRDA:163,25,0,39471407
BRDA:163,25,1,796548
BRDA:165,26,0,0
BRDA:165,26,1,38674859
BRDA:169,27,0,63104
BRDA:169,27,1,39428683
BRDA:169,28,0,39491787
BRDA:169,28,1,63104
BRDA:171,29,0,1485693
BRDA:171,29,1,37942990
BRDA:171,30,0,39428683
BRDA:171,30,1,1485693
BRDA:173,31,0,0
BRDA:173,31,1,37942990
BRDA:191,32,0,83484
BRDA:191,32,1,87271252
BRDA:191,33,0,87354736
BRDA:191,33,1,94510
BRDA:197,34,0,17239
BRDA:197,34,1,999593
BRDA:197,35,0,1016832
BRDA:197,35,1,18900
BRDA:225,36,0,25
BRDA:225,36,1,2738
BRDA:304,37,0,43
BRDA:304,37,1,1936172
BRDA:304,38,0,1936215
BRDA:304,38,1,43
BRDA:305,39,0,15
BRDA:305,39,1,1936157
BRDA:305,40,0,1936172
BRDA:305,40,1,15
BRDA:326,41,0,257720
BRDA:326,41,1,37055
BRDA:341,42,0,0
BRDA:341,42,1,0
BRF:85
BRH:78
end_of_record
